<?xml version="1.0" encoding="UTF-8" ?>
<testsuites errors="8"
            failures="9"
            tests="1">

  <testsuite name="test"
    errors="8" failures="9" hostname="" id="" package="test" skipped="0"
    tests="1" time="52.97" timestamp="">
  
    <testcase name="Check the home page" classname="test" time="52.97" assertions="9">  <failure message="Timed out while waiting for element &lt;#root&gt; to be present for 5000 milliseconds. - expected [0;32m&#34;found&#34;[0m but got: [0;31m&#34;not found&#34;[0m [0;90m(5301ms)[0m">    at Object.beforeEach (C:\Users\har\Desktop\devmountain\myPracticeAutomation\tests\test.js:4:14)
    at new Promise (&lt;anonymous&gt;)</failure>

      <failure message="Testing if element [0;33m&lt;.bm-burger-button&gt;[0m is visible in 5000ms - expected [0;32m&#34;is visible&#34;[0m but got: [0;31m&#34;element could not be located&#34;[0m [0;90m(5300ms)[0m">    at Object.Check the home page (C:\Users\har\Desktop\devmountain\myPracticeAutomation\tests\test.js:11:21)
    at &lt;anonymous&gt;</failure>

      <failure message="Testing if element [0;33m&lt;.titleBar&gt;[0m contains text [0;33m&#39;Wanted Queries&#39;[0m in 5000ms - expected [0;32m&#34;contains text &#39;Wanted Queries&#39;&#34;[0m but got: [0;31m&#34;element could not be located&#34;[0m [0;90m(5381ms)[0m">    at Object.Check the home page (C:\Users\har\Desktop\devmountain\myPracticeAutomation\tests\test.js:12:21)
    at &lt;anonymous&gt;</failure>

      <failure message="Testing if element [0;33m&lt;#welcomeScreen&gt;[0m contains text [0;33m&#39;Welcome to &#34;Wanted Queries&#34;.&#39;[0m in 5000ms - expected [0;32m&#34;contains text &#39;Welcome to &#34;Wanted Queries&#34;.&#39;&#34;[0m but got: [0;31m&#34;element could not be located&#34;[0m [0;90m(5312ms)[0m">    at Object.Check the home page (C:\Users\har\Desktop\devmountain\myPracticeAutomation\tests\test.js:13:21)
    at &lt;anonymous&gt;</failure>

      <failure message="Testing if element [0;33m&lt;#welcomeScreen&gt;[0m contains text [0;33m&#39;Enter Wanted&#39;[0m in 5000ms - expected [0;32m&#34;contains text &#39;Enter Wanted&#39;&#34;[0m but got: [0;31m&#34;element could not be located&#34;[0m [0;90m(5330ms)[0m">    at Object.Check the home page (C:\Users\har\Desktop\devmountain\myPracticeAutomation\tests\test.js:14:21)
    at &lt;anonymous&gt;</failure>

      <failure message="Testing if element [0;33m&lt;#welcomeScreen&gt;[0m contains text [0;33m&#39;Modify Wanted&#39;[0m in 5000ms - expected [0;32m&#34;contains text &#39;Modify Wanted&#39;&#34;[0m but got: [0;31m&#34;element could not be located&#34;[0m [0;90m(5344ms)[0m">    at Object.Check the home page (C:\Users\har\Desktop\devmountain\myPracticeAutomation\tests\test.js:15:21)
    at &lt;anonymous&gt;</failure>

      <failure message="Testing if element [0;33m&lt;#welcomeScreen&gt;[0m contains text [0;33m&#39;Cancel Wanted&#39;[0m in 5000ms - expected [0;32m&#34;contains text &#39;Cancel Wanted&#39;&#34;[0m but got: [0;31m&#34;element could not be located&#34;[0m [0;90m(5281ms)[0m">    at Object.Check the home page (C:\Users\har\Desktop\devmountain\myPracticeAutomation\tests\test.js:16:21)
    at &lt;anonymous&gt;</failure>

      <failure message="Testing if element [0;33m&lt;.required&gt;[0m is visible in 5000ms - expected [0;32m&#34;is visible&#34;[0m but got: [0;31m&#34;element could not be located&#34;[0m [0;90m(5310ms)[0m">    at Object.Check the home page (C:\Users\har\Desktop\devmountain\myPracticeAutomation\tests\test.js:17:21)
    at &lt;anonymous&gt;</failure>

      <failure message="Testing if element [0;33m&lt;.error&gt;[0m is visible in 5000ms - expected [0;32m&#34;is visible&#34;[0m but got: [0;31m&#34;element could not be located&#34;[0m [0;90m(5355ms)[0m">    at Object.Check the home page (C:\Users\har\Desktop\devmountain\myPracticeAutomation\tests\test.js:18:21)
    at &lt;anonymous&gt;</failure>

    
      <failure message="    at Object.Check the home page (C:\Users\har\Desktop\devmountain\myPracticeAutomation\tests\test.js:18:21)">    at &lt;anonymous&gt;</failure>
      <error message="Error while running &#34;visible&#34; command: Testing if element [0;33m&lt;.error&gt;[0m is visible in 5000ms - expected [0;32m&#34;is visible&#34;[0m but got: [0;31m&#34;element could not be located&#34;[0m [0;90m(5355ms)[0m" type="error">    at &lt;anonymous&gt;</error>
    
    </testcase>
  

  
    <system-err>
      [0;31m  TypeError: Cannot read property &#39;containsText&#39; of undefined[0m
[0;90m       at Object.Searching google (C:\Users\har\Desktop\devmountain\myPracticeAutomation\tests\google.js:14:16)
       at &lt;anonymous&gt;
       at process._tickCallback (internal/process/next_tick.js:189:7)[0m
[0;31m  NoSuchElementError: An error occurred while running .isVisible() command on &lt;.bm-burger-button&gt;: undefined; undefined
   {&#34;sessionId&#34;:&#34;5db185f71558c36ed59b8fd3aae31ab0&#34;,&#34;status&#34;:0,&#34;value&#34;:[]}[0m
[0;90m       at &lt;anonymous&gt;
       at process._tickCallback (internal/process/next_tick.js:189:7)[0m
[0;31m  NoSuchElementError: An error occurred while running .getText() command on &lt;.titleBar&gt;: undefined; undefined
   {&#34;sessionId&#34;:&#34;5db185f71558c36ed59b8fd3aae31ab0&#34;,&#34;status&#34;:0,&#34;value&#34;:[]}[0m
[0;90m       at &lt;anonymous&gt;
       at process._tickCallback (internal/process/next_tick.js:189:7)[0m
[0;31m  NoSuchElementError: An error occurred while running .getText() command on &lt;#welcomeScreen&gt;: undefined; undefined
   {&#34;sessionId&#34;:&#34;5db185f71558c36ed59b8fd3aae31ab0&#34;,&#34;status&#34;:0,&#34;value&#34;:[]}[0m
[0;90m       at &lt;anonymous&gt;
       at process._tickCallback (internal/process/next_tick.js:189:7)[0m
[0;31m  NoSuchElementError: An error occurred while running .getText() command on &lt;#welcomeScreen&gt;: undefined; undefined
   {&#34;sessionId&#34;:&#34;5db185f71558c36ed59b8fd3aae31ab0&#34;,&#34;status&#34;:0,&#34;value&#34;:[]}[0m
[0;90m       at &lt;anonymous&gt;
       at process._tickCallback (internal/process/next_tick.js:189:7)[0m
[0;31m  NoSuchElementError: An error occurred while running .getText() command on &lt;#welcomeScreen&gt;: undefined; undefined
   {&#34;sessionId&#34;:&#34;5db185f71558c36ed59b8fd3aae31ab0&#34;,&#34;status&#34;:0,&#34;value&#34;:[]}[0m
[0;90m       at &lt;anonymous&gt;
       at process._tickCallback (internal/process/next_tick.js:189:7)[0m
[0;31m  NoSuchElementError: An error occurred while running .getText() command on &lt;#welcomeScreen&gt;: undefined; undefined
   {&#34;sessionId&#34;:&#34;5db185f71558c36ed59b8fd3aae31ab0&#34;,&#34;status&#34;:0,&#34;value&#34;:[]}[0m
[0;90m       at &lt;anonymous&gt;
       at process._tickCallback (internal/process/next_tick.js:189:7)[0m
[0;31m  NoSuchElementError: An error occurred while running .isVisible() command on &lt;.required&gt;: undefined; undefined
   {&#34;sessionId&#34;:&#34;5db185f71558c36ed59b8fd3aae31ab0&#34;,&#34;status&#34;:0,&#34;value&#34;:[]}[0m
[0;90m       at &lt;anonymous&gt;
       at process._tickCallback (internal/process/next_tick.js:189:7)[0m
[0;31m  NoSuchElementError: An error occurred while running .isVisible() command on &lt;.error&gt;: undefined; undefined
   {&#34;sessionId&#34;:&#34;5db185f71558c36ed59b8fd3aae31ab0&#34;,&#34;status&#34;:0,&#34;value&#34;:[]}[0m
[0;90m       at &lt;anonymous&gt;
       at process._tickCallback (internal/process/next_tick.js:189:7)[0m
    </system-err>
  

  
  </testsuite>
</testsuites>
